-------------------------------------------------------------------------------
Test set: com.in28minutes.springboot.microservice.example.currencyconversion.SpringBootMicroserviceCurrencyConversionApplicationTests
-------------------------------------------------------------------------------
Tests run: 1, Failures: 0, Errors: 0, Skipped: 0, Time elapsed: 234.024 s - in com.in28minutes.springboot.microservice.example.currencyconversion.SpringBootMicroserviceCurrencyConversionApplicationTests
